#
# There is insufficient memory for the Java Runtime Environment to continue.
# Native memory allocation (malloc) failed to allocate 32784 bytes for Chunk::new
# Possible reasons:
#   The system is out of physical RAM or swap space
#   The process is running with CompressedOops enabled, and the Java Heap may be blocking the growth of the native heap
# Possible solutions:
#   Reduce memory load on the system
#   Increase physical memory or swap space
#   Check if swap backing store is full
#   Decrease Java heap size (-Xmx/-Xms)
#   Decrease number of Java threads
#   Decrease Java thread stack sizes (-Xss)
#   Set larger code cache with -XX:ReservedCodeCacheSize=
#   JVM is running with Zero Based Compressed Oops mode in which the Java heap is
#     placed in the first 32GB address space. The Java Heap base address is the
#     maximum limit for the native heap growth. Please use -XX:HeapBaseMinAddress
#     to set the Java Heap base and to place the Java Heap above 32GB virtual address.
# This output file may be truncated or incomplete.
#
#  Out of Memory Error (arena.cpp:189), pid=10936, tid=6904
#
# JRE version: Java(TM) SE Runtime Environment (17.0.10+11) (build 17.0.10+11-LTS-240)
# Java VM: Java HotSpot(TM) 64-Bit Server VM (17.0.10+11-LTS-240, mixed mode, sharing, tiered, compressed oops, compressed class ptrs, g1 gc, windows-amd64)
# No core dump will be written. Minidumps are not enabled by default on client versions of Windows
#

---------------  S U M M A R Y ------------

Command Line: -javaagent:C:\Program Files\JetBrains\IntelliJ IDEA Community Edition 2023.3.6\lib\idea_rt.jar=63492:C:\Program Files\JetBrains\IntelliJ IDEA Community Edition 2023.3.6\bin -Dfile.encoding=UTF-8 com.mad.medihealth.MedihealthApplication

Host: 11th Gen Intel(R) Core(TM) i5-11320H @ 3.20GHz, 8 cores, 15G,  Windows 11 , 64 bit Build 22621 (10.0.22621.3374)
Time: Sat May  4 21:15:22 2024 SE Asia Standard Time elapsed time: 815.651335 seconds (0d 0h 13m 35s)

---------------  T H R E A D  ---------------

Current thread (0x0000019117590c80):  JavaThread "C2 CompilerThread0" daemon [_thread_in_native, id=6904, stack(0x0000000236a00000,0x0000000236b00000)]


Current CompileTask:
C2: 815651 7165       4       java.lang.reflect.Proxy$ProxyBuilder::isProxyClass (21 bytes)

Stack: [0x0000000236a00000,0x0000000236b00000]
Native frames: (J=compiled Java code, j=interpreted, Vv=VM code, C=native code)
V  [jvm.dll+0x677a5a]
V  [jvm.dll+0x7d8b2d]
V  [jvm.dll+0x7da48e]
V  [jvm.dll+0x7daaf3]
V  [jvm.dll+0x2455ff]
V  [jvm.dll+0xaaafb]
V  [jvm.dll+0xab09c]
V  [jvm.dll+0xb67bd]
V  [jvm.dll+0x5800a3]
V  [jvm.dll+0x220472]
V  [jvm.dll+0x21945f]
V  [jvm.dll+0x216c79]
V  [jvm.dll+0x1a3410]
V  [jvm.dll+0x226aeb]
V  [jvm.dll+0x224cab]
V  [jvm.dll+0x78e45c]
V  [jvm.dll+0x78888a]
V  [jvm.dll+0x676935]
C  [ucrtbase.dll+0x29333]
C  [KERNEL32.DLL+0x1257d]
C  [ntdll.dll+0x5aa48]


---------------  P R O C E S S  ---------------

Threads class SMR info:
_java_thread_list=0x000001915d1a2ad0, length=43, elements={
0x0000019117437050, 0x0000019117437c20, 0x000001911744a530, 0x000001911744be10,
0x000001911744e6f0, 0x0000019117590080, 0x0000019117590c80, 0x000001911759caa0,
0x00000191175a63a0, 0x0000019117698430, 0x0000019117698940, 0x0000019117698e50,
0x0000019117695bb0, 0x0000019117697a10, 0x0000019117697f20, 0x00000191176960c0,
0x00000191176965d0, 0x0000019163f5dbc0, 0x0000019163f585b0, 0x0000019163f57b90,
0x0000019163f5e0d0, 0x0000019163f5bd60, 0x0000019163f5e5e0, 0x0000019163f58fd0,
0x0000019163f5ae30, 0x0000019163f5d1a0, 0x0000019163f57170, 0x0000019163f5eaf0,
0x0000019163f58ac0, 0x0000019163f5c270, 0x0000019163f5d6b0, 0x0000019163f594e0,
0x0000019163f57680, 0x0000019163f5c780, 0x0000019163f580a0, 0x0000019163f599f0,
0x0000019163f59f00, 0x0000019163f5a410, 0x0000019163f5a920, 0x0000019163f5b340,
0x0000019163f5b850, 0x0000019163a09640, 0x0000019161449ac0
}

Java Threads: ( => current thread )
  0x0000019117437050 JavaThread "Reference Handler" daemon [_thread_blocked, id=12620, stack(0x0000000236400000,0x0000000236500000)]
  0x0000019117437c20 JavaThread "Finalizer" daemon [_thread_blocked, id=10840, stack(0x0000000236500000,0x0000000236600000)]
  0x000001911744a530 JavaThread "Signal Dispatcher" daemon [_thread_blocked, id=15640, stack(0x0000000236600000,0x0000000236700000)]
  0x000001911744be10 JavaThread "Attach Listener" daemon [_thread_blocked, id=16076, stack(0x0000000236700000,0x0000000236800000)]
  0x000001911744e6f0 JavaThread "Service Thread" daemon [_thread_blocked, id=16056, stack(0x0000000236800000,0x0000000236900000)]
  0x0000019117590080 JavaThread "Monitor Deflation Thread" daemon [_thread_blocked, id=4344, stack(0x0000000236900000,0x0000000236a00000)]
=>0x0000019117590c80 JavaThread "C2 CompilerThread0" daemon [_thread_in_native, id=6904, stack(0x0000000236a00000,0x0000000236b00000)]
  0x000001911759caa0 JavaThread "C1 CompilerThread0" daemon [_thread_in_vm, id=1656, stack(0x0000000236b00000,0x0000000236c00000)]
  0x00000191175a63a0 JavaThread "Sweeper thread" daemon [_thread_blocked, id=13016, stack(0x0000000236c00000,0x0000000236d00000)]
  0x0000019117698430 JavaThread "Common-Cleaner" daemon [_thread_blocked, id=8356, stack(0x0000000236d00000,0x0000000236e00000)]
  0x0000019117698940 JavaThread "Monitor Ctrl-Break" daemon [_thread_in_native, id=7296, stack(0x0000000236e00000,0x0000000236f00000)]
  0x0000019117698e50 JavaThread "Notification Thread" daemon [_thread_blocked, id=6508, stack(0x0000000236f00000,0x0000000237000000)]
  0x0000019117695bb0 JavaThread "Catalina-utility-1" [_thread_blocked, id=15084, stack(0x0000000237b00000,0x0000000237c00000)]
  0x0000019117697a10 JavaThread "Catalina-utility-2" [_thread_blocked, id=10504, stack(0x0000000237c00000,0x0000000237d00000)]
  0x0000019117697f20 JavaThread "container-0" [_thread_blocked, id=13960, stack(0x0000000237d00000,0x0000000237e00000)]
  0x00000191176960c0 JavaThread "mysql-cj-abandoned-connection-cleanup" daemon [_thread_blocked, id=10168, stack(0x0000000237e00000,0x0000000237f00000)]
  0x00000191176965d0 JavaThread "HikariPool-1 housekeeper" daemon [_thread_blocked, id=15684, stack(0x0000000238000000,0x0000000238100000)]
  0x0000019163f5dbc0 JavaThread "quartzScheduler_Worker-1" [_thread_blocked, id=6844, stack(0x0000000238200000,0x0000000238300000)]
  0x0000019163f585b0 JavaThread "quartzScheduler_Worker-2" [_thread_blocked, id=5456, stack(0x0000000238300000,0x0000000238400000)]
  0x0000019163f57b90 JavaThread "quartzScheduler_Worker-3" [_thread_blocked, id=12472, stack(0x0000000238400000,0x0000000238500000)]
  0x0000019163f5e0d0 JavaThread "quartzScheduler_Worker-4" [_thread_blocked, id=6056, stack(0x0000000238500000,0x0000000238600000)]
  0x0000019163f5bd60 JavaThread "quartzScheduler_Worker-5" [_thread_blocked, id=8572, stack(0x0000000238600000,0x0000000238700000)]
  0x0000019163f5e5e0 JavaThread "quartzScheduler_Worker-6" [_thread_blocked, id=7936, stack(0x0000000238700000,0x0000000238800000)]
  0x0000019163f58fd0 JavaThread "quartzScheduler_Worker-7" [_thread_blocked, id=14012, stack(0x0000000238800000,0x0000000238900000)]
  0x0000019163f5ae30 JavaThread "quartzScheduler_Worker-8" [_thread_blocked, id=5964, stack(0x0000000238900000,0x0000000238a00000)]
  0x0000019163f5d1a0 JavaThread "quartzScheduler_Worker-9" [_thread_blocked, id=576, stack(0x0000000238a00000,0x0000000238b00000)]
  0x0000019163f57170 JavaThread "quartzScheduler_Worker-10" [_thread_blocked, id=9524, stack(0x0000000238b00000,0x0000000238c00000)]
  0x0000019163f5eaf0 JavaThread "quartzScheduler_QuartzSchedulerThread" [_thread_blocked, id=9968, stack(0x0000000238c00000,0x0000000238d00000)]
  0x0000019163f58ac0 JavaThread "http-nio-8080-exec-1" daemon [_thread_blocked, id=7316, stack(0x0000000238d00000,0x0000000238e00000)]
  0x0000019163f5c270 JavaThread "http-nio-8080-exec-2" daemon [_thread_blocked, id=16232, stack(0x0000000238e00000,0x0000000238f00000)]
  0x0000019163f5d6b0 JavaThread "http-nio-8080-exec-3" daemon [_thread_blocked, id=13972, stack(0x0000000238f00000,0x0000000239000000)]
  0x0000019163f594e0 JavaThread "http-nio-8080-exec-4" daemon [_thread_blocked, id=14436, stack(0x0000000239000000,0x0000000239100000)]
  0x0000019163f57680 JavaThread "http-nio-8080-exec-5" daemon [_thread_blocked, id=12900, stack(0x0000000239100000,0x0000000239200000)]
  0x0000019163f5c780 JavaThread "http-nio-8080-exec-6" daemon [_thread_blocked, id=6452, stack(0x0000000239200000,0x0000000239300000)]
  0x0000019163f580a0 JavaThread "http-nio-8080-exec-7" daemon [_thread_blocked, id=11108, stack(0x0000000239300000,0x0000000239400000)]
  0x0000019163f599f0 JavaThread "http-nio-8080-exec-8" daemon [_thread_blocked, id=8736, stack(0x0000000239400000,0x0000000239500000)]
  0x0000019163f59f00 JavaThread "http-nio-8080-exec-9" daemon [_thread_blocked, id=14712, stack(0x0000000239500000,0x0000000239600000)]
  0x0000019163f5a410 JavaThread "http-nio-8080-exec-10" daemon [_thread_blocked, id=1868, stack(0x0000000239600000,0x0000000239700000)]
  0x0000019163f5a920 JavaThread "http-nio-8080-Poller" daemon [_thread_in_native, id=13072, stack(0x0000000239700000,0x0000000239800000)]
  0x0000019163f5b340 JavaThread "http-nio-8080-Acceptor" daemon [_thread_in_native, id=1476, stack(0x0000000239800000,0x0000000239900000)]
  0x0000019163f5b850 JavaThread "scheduling-1" [_thread_blocked, id=15344, stack(0x0000000239900000,0x0000000239a00000)]
  0x0000019163a09640 JavaThread "DestroyJavaVM" [_thread_blocked, id=4732, stack(0x0000000235d00000,0x0000000235e00000)]
  0x0000019161449ac0 JavaThread "C2 CompilerThread1" daemon [_thread_in_native, id=11644, stack(0x0000000235a00000,0x0000000235b00000)]

Other Threads:
  0x00000191174316a0 VMThread "VM Thread" [stack: 0x0000000236300000,0x0000000236400000] [id=3128]
  0x0000019174890a10 WatcherThread [stack: 0x0000000237000000,0x0000000237100000] [id=7924]
  0x000001917486e2d0 GCTaskThread "GC Thread#0" [stack: 0x0000000235e00000,0x0000000235f00000] [id=7784]
  0x000001915d974c50 GCTaskThread "GC Thread#1" [stack: 0x0000000237300000,0x0000000237400000] [id=4308]
  0x000001915d6a6ab0 GCTaskThread "GC Thread#2" [stack: 0x0000000237400000,0x0000000237500000] [id=6096]
  0x00000191176d6410 GCTaskThread "GC Thread#3" [stack: 0x0000000237500000,0x0000000237600000] [id=2624]
  0x000001915d72c660 GCTaskThread "GC Thread#4" [stack: 0x0000000237600000,0x0000000237700000] [id=12612]
  0x000001915d8629c0 GCTaskThread "GC Thread#5" [stack: 0x0000000237700000,0x0000000237800000] [id=10332]
  0x000001915dbd7480 GCTaskThread "GC Thread#6" [stack: 0x0000000237900000,0x0000000237a00000] [id=15772]
  0x000001915dd9a810 GCTaskThread "GC Thread#7" [stack: 0x0000000237a00000,0x0000000237b00000] [id=7204]
  0x000001917487ed20 ConcurrentGCThread "G1 Main Marker" [stack: 0x0000000235f00000,0x0000000236000000] [id=9832]
  0x000001917487fdd0 ConcurrentGCThread "G1 Conc#0" [stack: 0x0000000236000000,0x0000000236100000] [id=2992]
  0x000001915f3b5890 ConcurrentGCThread "G1 Conc#1" [stack: 0x0000000237800000,0x0000000237900000] [id=7976]
  0x00000191748be8e0 ConcurrentGCThread "G1 Refine#0" [stack: 0x0000000236100000,0x0000000236200000] [id=15232]
  0x00000191172ea380 ConcurrentGCThread "G1 Service" [stack: 0x0000000236200000,0x0000000236300000] [id=12952]

Threads with active compile tasks:
C2 CompilerThread0   815688 7165       4       java.lang.reflect.Proxy$ProxyBuilder::isProxyClass (21 bytes)
C1 CompilerThread0   815688 7176       3       sun.security.ssl.Authenticator::sequenceNumber (10 bytes)
C2 CompilerThread1   815688 7171       4       java.lang.reflect.Proxy::isProxyClass (22 bytes)

VM state: not at safepoint (normal execution)

VM Mutex/Monitor currently owned by a thread: None

Heap address: 0x0000000704000000, size: 4032 MB, Compressed Oops mode: Zero based, Oop shift amount: 3

CDS archive(s) mapped at: [0x0000019118000000-0x0000019118bd0000-0x0000019118bd0000), size 12386304, SharedBaseAddress: 0x0000019118000000, ArchiveRelocationMode: 1.
Compressed class space mapped at: 0x0000019119000000-0x0000019159000000, reserved size: 1073741824
Narrow klass base: 0x0000019118000000, Narrow klass shift: 0, Narrow klass range: 0x100000000

GC Precious Log:
 CPUs: 8 total, 8 available
 Memory: 16122M
 Large Page Support: Disabled
 NUMA Support: Disabled
 Compressed Oops: Enabled (Zero based)
 Heap Region Size: 2M
 Heap Min Capacity: 8M
 Heap Initial Capacity: 252M
 Heap Max Capacity: 4032M
 Pre-touch: Disabled
 Parallel Workers: 8
 Concurrent Workers: 2
 Concurrent Refinement Workers: 8
 Periodic GC: Disabled

Heap:
 garbage-first heap   total 108544K, used 46717K [0x0000000704000000, 0x0000000800000000)
  region size 2048K, 8 young (16384K), 3 survivors (6144K)
 Metaspace       used 77286K, committed 77824K, reserved 1179648K
  class space    used 10475K, committed 10688K, reserved 1048576K

Heap Regions: E=young(eden), S=young(survivor), O=old, HS=humongous(starts), HC=humongous(continues), CS=collection set, F=free, OA=open archive, CA=closed archive, TAMS=top-at-mark-start (previous, next)
|   0|0x0000000704000000, 0x0000000704200000, 0x0000000704200000|100%| O|  |TAMS 0x0000000704200000, 0x0000000704000000| Untracked 
|   1|0x0000000704200000, 0x0000000704400000, 0x0000000704400000|100%| O|  |TAMS 0x0000000704400000, 0x0000000704200000| Untracked 
|   2|0x0000000704400000, 0x0000000704600000, 0x0000000704600000|100%| O|  |TAMS 0x0000000704600000, 0x0000000704400000| Untracked 
|   3|0x0000000704600000, 0x0000000704800000, 0x0000000704800000|100%| O|  |TAMS 0x0000000704800000, 0x0000000704600000| Untracked 
|   4|0x0000000704800000, 0x0000000704a00000, 0x0000000704a00000|100%| O|  |TAMS 0x0000000704a00000, 0x0000000704800000| Untracked 
|   5|0x0000000704a00000, 0x0000000704c00000, 0x0000000704c00000|100%| O|  |TAMS 0x0000000704c00000, 0x0000000704a00000| Untracked 
|   6|0x0000000704c00000, 0x0000000704e00000, 0x0000000704e00000|100%| O|  |TAMS 0x0000000704e00000, 0x0000000704c00000| Untracked 
|   7|0x0000000704e00000, 0x0000000705000000, 0x0000000705000000|100%| O|  |TAMS 0x0000000705000000, 0x0000000704e00000| Untracked 
|   8|0x0000000705000000, 0x0000000705200000, 0x0000000705200000|100%| O|  |TAMS 0x0000000705000000, 0x0000000705000000| Untracked 
|   9|0x0000000705200000, 0x0000000705400000, 0x0000000705400000|100%| O|  |TAMS 0x0000000705400000, 0x0000000705200000| Untracked 
|  10|0x0000000705400000, 0x0000000705600000, 0x0000000705600000|100%| O|  |TAMS 0x0000000705600000, 0x0000000705400000| Untracked 
|  11|0x0000000705600000, 0x0000000705800000, 0x0000000705800000|100%| O|  |TAMS 0x00000007056de600, 0x0000000705600000| Untracked 
|  12|0x0000000705800000, 0x0000000705a00000, 0x0000000705a00000|100%| O|  |TAMS 0x0000000705800000, 0x0000000705800000| Untracked 
|  13|0x0000000705a00000, 0x0000000705c00000, 0x0000000705c00000|100%| O|  |TAMS 0x0000000705a00000, 0x0000000705a00000| Untracked 
|  14|0x0000000705c00000, 0x0000000705e00000, 0x0000000705e00000|100%| O|  |TAMS 0x0000000705c00000, 0x0000000705c00000| Untracked 
|  15|0x0000000705e00000, 0x0000000706000000, 0x0000000706000000|100%| O|  |TAMS 0x0000000705e00000, 0x0000000705e00000| Untracked 
|  16|0x0000000706000000, 0x0000000706073400, 0x0000000706200000| 22%| O|  |TAMS 0x0000000706000000, 0x0000000706000000| Untracked 
|  17|0x0000000706200000, 0x0000000706200000, 0x0000000706400000|  0%| F|  |TAMS 0x0000000706200000, 0x0000000706200000| Untracked 
|  18|0x0000000706400000, 0x0000000706400000, 0x0000000706600000|  0%| F|  |TAMS 0x0000000706400000, 0x0000000706400000| Untracked 
|  19|0x0000000706600000, 0x0000000706600000, 0x0000000706800000|  0%| F|  |TAMS 0x0000000706600000, 0x0000000706600000| Untracked 
|  20|0x0000000706800000, 0x0000000706800000, 0x0000000706a00000|  0%| F|  |TAMS 0x0000000706800000, 0x0000000706800000| Untracked 
|  21|0x0000000706a00000, 0x0000000706a00000, 0x0000000706c00000|  0%| F|  |TAMS 0x0000000706a00000, 0x0000000706a00000| Untracked 
|  22|0x0000000706c00000, 0x0000000706c00000, 0x0000000706e00000|  0%| F|  |TAMS 0x0000000706c00000, 0x0000000706c00000| Untracked 
|  23|0x0000000706e00000, 0x0000000706e00000, 0x0000000707000000|  0%| F|  |TAMS 0x0000000706e00000, 0x0000000706e00000| Untracked 
|  24|0x0000000707000000, 0x0000000707000000, 0x0000000707200000|  0%| F|  |TAMS 0x0000000707000000, 0x0000000707000000| Untracked 
|  25|0x0000000707200000, 0x0000000707200000, 0x0000000707400000|  0%| F|  |TAMS 0x0000000707200000, 0x0000000707200000| Untracked 
|  26|0x0000000707400000, 0x0000000707400000, 0x0000000707600000|  0%| F|  |TAMS 0x0000000707400000, 0x0000000707400000| Untracked 
|  27|0x0000000707600000, 0x000000070772c3d8, 0x0000000707800000| 58%| S|CS|TAMS 0x0000000707600000, 0x0000000707600000| Complete 
|  28|0x0000000707800000, 0x0000000707a00000, 0x0000000707a00000|100%| S|CS|TAMS 0x0000000707800000, 0x0000000707800000| Complete 
|  29|0x0000000707a00000, 0x0000000707c00000, 0x0000000707c00000|100%| S|CS|TAMS 0x0000000707a00000, 0x0000000707a00000| Complete 
|  30|0x0000000707c00000, 0x0000000707c00000, 0x0000000707e00000|  0%| F|  |TAMS 0x0000000707c00000, 0x0000000707c00000| Untracked 
|  31|0x0000000707e00000, 0x0000000707e00000, 0x0000000708000000|  0%| F|  |TAMS 0x0000000707e00000, 0x0000000707e00000| Untracked 
|  32|0x0000000708000000, 0x0000000708000000, 0x0000000708200000|  0%| F|  |TAMS 0x0000000708000000, 0x0000000708000000| Untracked 
|  33|0x0000000708200000, 0x0000000708200000, 0x0000000708400000|  0%| F|  |TAMS 0x0000000708200000, 0x0000000708200000| Untracked 
|  34|0x0000000708400000, 0x0000000708400000, 0x0000000708600000|  0%| F|  |TAMS 0x0000000708400000, 0x0000000708400000| Untracked 
|  35|0x0000000708600000, 0x0000000708600000, 0x0000000708800000|  0%| F|  |TAMS 0x0000000708600000, 0x0000000708600000| Untracked 
|  36|0x0000000708800000, 0x0000000708800000, 0x0000000708a00000|  0%| F|  |TAMS 0x0000000708800000, 0x0000000708800000| Untracked 
|  37|0x0000000708a00000, 0x0000000708a00000, 0x0000000708c00000|  0%| F|  |TAMS 0x0000000708a00000, 0x0000000708a00000| Untracked 
|  38|0x0000000708c00000, 0x0000000708c00000, 0x0000000708e00000|  0%| F|  |TAMS 0x0000000708c00000, 0x0000000708c00000| Untracked 
|  39|0x0000000708e00000, 0x0000000708e00000, 0x0000000709000000|  0%| F|  |TAMS 0x0000000708e00000, 0x0000000708e00000| Untracked 
|  40|0x0000000709000000, 0x0000000709000000, 0x0000000709200000|  0%| F|  |TAMS 0x0000000709000000, 0x0000000709000000| Untracked 
|  41|0x0000000709200000, 0x0000000709200000, 0x0000000709400000|  0%| F|  |TAMS 0x0000000709200000, 0x0000000709200000| Untracked 
|  42|0x0000000709400000, 0x0000000709400000, 0x0000000709600000|  0%| F|  |TAMS 0x0000000709400000, 0x0000000709400000| Untracked 
|  43|0x0000000709600000, 0x0000000709600000, 0x0000000709800000|  0%| F|  |TAMS 0x0000000709600000, 0x0000000709600000| Untracked 
|  44|0x0000000709800000, 0x0000000709800000, 0x0000000709a00000|  0%| F|  |TAMS 0x0000000709800000, 0x0000000709800000| Untracked 
|  45|0x0000000709a00000, 0x0000000709a00000, 0x0000000709c00000|  0%| F|  |TAMS 0x0000000709a00000, 0x0000000709a00000| Untracked 
|  46|0x0000000709c00000, 0x0000000709c00000, 0x0000000709e00000|  0%| F|  |TAMS 0x0000000709c00000, 0x0000000709c00000| Untracked 
|  47|0x0000000709e00000, 0x0000000709e00000, 0x000000070a000000|  0%| F|  |TAMS 0x0000000709e00000, 0x0000000709e00000| Untracked 
|  48|0x000000070a000000, 0x000000070a0ee9f8, 0x000000070a200000| 46%| E|  |TAMS 0x000000070a000000, 0x000000070a000000| Complete 
|  49|0x000000070a200000, 0x000000070a400000, 0x000000070a400000|100%| E|CS|TAMS 0x000000070a200000, 0x000000070a200000| Complete 
|  69|0x000000070ca00000, 0x000000070cc00000, 0x000000070cc00000|100%| E|CS|TAMS 0x000000070ca00000, 0x000000070ca00000| Complete 
|  70|0x000000070cc00000, 0x000000070ce00000, 0x000000070ce00000|100%| E|CS|TAMS 0x000000070cc00000, 0x000000070cc00000| Complete 
| 125|0x0000000713a00000, 0x0000000713c00000, 0x0000000713c00000|100%| E|CS|TAMS 0x0000000713a00000, 0x0000000713a00000| Complete 

Card table byte_map: [0x000001917cbb0000,0x000001917d390000] _byte_map_base: 0x0000019179390000

Marking Bits (Prev, Next): (CMBitMap*) 0x000001917486e830, (CMBitMap*) 0x000001917486e7f0
 Prev Bits: [0x0000019112f00000, 0x0000019116e00000)
 Next Bits: [0x000001910f000000, 0x0000019112f00000)

Polling page: 0x0000019172790000

Metaspace:

Usage:
  Non-class:     65.24 MB used.
      Class:     10.23 MB used.
       Both:     75.47 MB used.

Virtual space:
  Non-class space:      128.00 MB reserved,      65.56 MB ( 51%) committed,  2 nodes.
      Class space:        1.00 GB reserved,      10.44 MB (  1%) committed,  1 nodes.
             Both:        1.12 GB reserved,      76.00 MB (  7%) committed. 

Chunk freelists:
   Non-Class:  14.34 MB
       Class:  5.38 MB
        Both:  19.72 MB

MaxMetaspaceSize: unlimited
CompressedClassSpaceSize: 1.00 GB
Initial GC threshold: 21.00 MB
Current GC threshold: 98.88 MB
CDS: on
MetaspaceReclaimPolicy: balanced
 - commit_granule_bytes: 65536.
 - commit_granule_words: 8192.
 - virtual_space_node_default_size: 8388608.
 - enlarge_chunks_in_place: 1.
 - new_chunks_are_fully_committed: 0.
 - uncommit_free_chunks: 1.
 - use_allocation_guard: 0.
 - handle_deallocations: 1.


Internal statistics:

num_allocs_failed_limit: 9.
num_arena_births: 800.
num_arena_deaths: 0.
num_vsnodes_births: 3.
num_vsnodes_deaths: 0.
num_space_committed: 1213.
num_space_uncommitted: 0.
num_chunks_returned_to_freelist: 9.
num_chunks_taken_from_freelist: 3496.
num_chunk_merges: 9.
num_chunk_splits: 2592.
num_chunks_enlarged: 2050.
num_inconsistent_stats: 0.

CodeHeap 'non-profiled nmethods': size=120000Kb used=4571Kb max_used=4571Kb free=115428Kb
 bounds [0x0000019107ad0000, 0x0000019107f50000, 0x000001910f000000]
CodeHeap 'profiled nmethods': size=120000Kb used=11964Kb max_used=11964Kb free=108035Kb
 bounds [0x0000019100000000, 0x0000019100bb0000, 0x0000019107530000]
CodeHeap 'non-nmethods': size=5760Kb used=1390Kb max_used=1446Kb free=4369Kb
 bounds [0x0000019107530000, 0x00000191077a0000, 0x0000019107ad0000]
 total_blobs=7036 nmethods=6319 adapters=629
 compilation: enabled
              stopped_count=0, restarted_count=0
 full_count=0

Compilation events (20 events):
Event: 815.640 Thread 0x000001911759caa0 7162       3       org.apache.tomcat.util.buf.Ascii::toLower (14 bytes)
Event: 815.641 Thread 0x000001911759caa0 nmethod 7162 0x0000019100bab290 code [0x0000019100bab420, 0x0000019100bab538]
Event: 815.641 Thread 0x000001911759caa0 7163       3       org.apache.tomcat.util.buf.AbstractChunk::getLength (10 bytes)
Event: 815.641 Thread 0x000001911759caa0 nmethod 7163 0x0000019100bab610 code [0x0000019100bab7a0, 0x0000019100bab8b8]
Event: 815.642 Thread 0x000001911759caa0 7164   !   3       jdk.proxy1.$Proxy3::annotationType (29 bytes)
Event: 815.642 Thread 0x0000019117590c80 7165       4       java.lang.reflect.Proxy$ProxyBuilder::isProxyClass (21 bytes)
Event: 815.642 Thread 0x000001911759caa0 nmethod 7164 0x0000019100bab990 code [0x0000019100babb60, 0x0000019100babf58]
Event: 815.642 Thread 0x000001911759caa0 7166       3       org.springframework.core.annotation.AnnotationTypeMapping::resolveAliasTarget (8 bytes)
Event: 815.643 Thread 0x000001911759caa0 nmethod 7166 0x0000019100bac110 code [0x0000019100bac2a0, 0x0000019100bac3e8]
Event: 815.643 Thread 0x000001911759caa0 7169   !   3       org.springframework.core.annotation.AnnotationUtils::invokeAnnotationMethod (38 bytes)
Event: 815.646 Thread 0x000001911759caa0 nmethod 7169 0x0000019100bac490 code [0x0000019100bac840, 0x0000019100bae1a8]
Event: 815.646 Thread 0x000001911759caa0 7167       3       org.springframework.core.annotation.AnnotationTypeMapping$$Lambda$241/0x0000019119181718::apply (8 bytes)
Event: 815.646 Thread 0x000001911759caa0 nmethod 7167 0x0000019100baea90 code [0x0000019100baec60, 0x0000019100baf118]
Event: 815.646 Thread 0x000001911759caa0 7174       1       org.hibernate.query.sqm.tree.select.AbstractSqmSelectQuery::getQueryPart (5 bytes)
Event: 815.646 Thread 0x000001911759caa0 nmethod 7174 0x0000019107f46410 code [0x0000019107f465a0, 0x0000019107f46678]
Event: 815.646 Thread 0x0000019161449ac0 7173   !   4       org.springframework.core.annotation.AnnotationsScanner::processMethodInheritedAnnotations (33 bytes)
Event: 815.647 Thread 0x0000019161449ac0 nmethod 7173 0x0000019107f46710 code [0x0000019107f468a0, 0x0000019107f46998]
Event: 815.647 Thread 0x0000019161449ac0 7171       4       java.lang.reflect.Proxy::isProxyClass (22 bytes)
Event: 815.648 Thread 0x000001911759caa0 7175       1       org.hibernate.type.BasicType::getValueConverter (2 bytes)
Event: 815.648 Thread 0x000001911759caa0 nmethod 7175 0x0000019107f46b10 code [0x0000019107f46ca0, 0x0000019107f46d78]

GC Heap History (20 events):
Event: 3.361 GC heap before
{Heap before GC invocations=9 (full 0):
 garbage-first heap   total 75776K, used 59649K [0x0000000704000000, 0x0000000800000000)
  region size 2048K, 22 young (45056K), 2 survivors (4096K)
 Metaspace       used 49624K, committed 50048K, reserved 1114112K
  class space    used 6509K, committed 6720K, reserved 1048576K
}
Event: 3.364 GC heap after
{Heap after GC invocations=10 (full 0):
 garbage-first heap   total 75776K, used 21963K [0x0000000704000000, 0x0000000800000000)
  region size 2048K, 3 young (6144K), 3 survivors (6144K)
 Metaspace       used 49624K, committed 50048K, reserved 1114112K
  class space    used 6509K, committed 6720K, reserved 1048576K
}
Event: 3.385 GC heap before
{Heap before GC invocations=10 (full 0):
 garbage-first heap   total 75776K, used 21963K [0x0000000704000000, 0x0000000800000000)
  region size 2048K, 4 young (8192K), 3 survivors (6144K)
 Metaspace       used 50274K, committed 50752K, reserved 1114112K
  class space    used 6607K, committed 6848K, reserved 1048576K
}
Event: 3.388 GC heap after
{Heap after GC invocations=11 (full 0):
 garbage-first heap   total 75776K, used 22242K [0x0000000704000000, 0x0000000800000000)
  region size 2048K, 1 young (2048K), 1 survivors (2048K)
 Metaspace       used 50274K, committed 50752K, reserved 1114112K
  class space    used 6607K, committed 6848K, reserved 1048576K
}
Event: 3.786 GC heap before
{Heap before GC invocations=11 (full 0):
 garbage-first heap   total 75776K, used 52962K [0x0000000704000000, 0x0000000800000000)
  region size 2048K, 17 young (34816K), 1 survivors (2048K)
 Metaspace       used 57985K, committed 58560K, reserved 1114112K
  class space    used 7784K, committed 8064K, reserved 1048576K
}
Event: 3.787 GC heap after
{Heap after GC invocations=12 (full 0):
 garbage-first heap   total 75776K, used 23282K [0x0000000704000000, 0x0000000800000000)
  region size 2048K, 1 young (2048K), 1 survivors (2048K)
 Metaspace       used 57985K, committed 58560K, reserved 1114112K
  class space    used 7784K, committed 8064K, reserved 1048576K
}
Event: 3.911 GC heap before
{Heap before GC invocations=12 (full 0):
 garbage-first heap   total 75776K, used 33522K [0x0000000704000000, 0x0000000800000000)
  region size 2048K, 7 young (14336K), 1 survivors (2048K)
 Metaspace       used 59927K, committed 60416K, reserved 1114112K
  class space    used 8019K, committed 8256K, reserved 1048576K
}
Event: 3.913 GC heap after
{Heap after GC invocations=13 (full 0):
 garbage-first heap   total 75776K, used 24208K [0x0000000704000000, 0x0000000800000000)
  region size 2048K, 2 young (4096K), 2 survivors (4096K)
 Metaspace       used 59927K, committed 60416K, reserved 1114112K
  class space    used 8019K, committed 8256K, reserved 1048576K
}
Event: 4.168 GC heap before
{Heap before GC invocations=14 (full 0):
 garbage-first heap   total 75776K, used 54928K [0x0000000704000000, 0x0000000800000000)
  region size 2048K, 17 young (34816K), 2 survivors (4096K)
 Metaspace       used 63108K, committed 63616K, reserved 1114112K
  class space    used 8369K, committed 8576K, reserved 1048576K
}
Event: 4.171 GC heap after
{Heap after GC invocations=15 (full 0):
 garbage-first heap   total 75776K, used 25423K [0x0000000704000000, 0x0000000800000000)
  region size 2048K, 2 young (4096K), 2 survivors (4096K)
 Metaspace       used 63108K, committed 63616K, reserved 1114112K
  class space    used 8369K, committed 8576K, reserved 1048576K
}
Event: 4.352 GC heap before
{Heap before GC invocations=15 (full 0):
 garbage-first heap   total 75776K, used 58191K [0x0000000704000000, 0x0000000800000000)
  region size 2048K, 18 young (36864K), 2 survivors (4096K)
 Metaspace       used 64896K, committed 65408K, reserved 1114112K
  class space    used 8688K, committed 8896K, reserved 1048576K
}
Event: 4.354 GC heap after
{Heap after GC invocations=16 (full 0):
 garbage-first heap   total 75776K, used 26836K [0x0000000704000000, 0x0000000800000000)
  region size 2048K, 2 young (4096K), 2 survivors (4096K)
 Metaspace       used 64896K, committed 65408K, reserved 1114112K
  class space    used 8688K, committed 8896K, reserved 1048576K
}
Event: 4.510 GC heap before
{Heap before GC invocations=16 (full 0):
 garbage-first heap   total 75776K, used 57556K [0x0000000704000000, 0x0000000800000000)
  region size 2048K, 17 young (34816K), 2 survivors (4096K)
 Metaspace       used 66518K, committed 67072K, reserved 1114112K
  class space    used 9031K, committed 9280K, reserved 1048576K
}
Event: 4.513 GC heap after
{Heap after GC invocations=17 (full 0):
 garbage-first heap   total 75776K, used 30414K [0x0000000704000000, 0x0000000800000000)
  region size 2048K, 3 young (6144K), 3 survivors (6144K)
 Metaspace       used 66518K, committed 67072K, reserved 1114112K
  class space    used 9031K, committed 9280K, reserved 1048576K
}
Event: 4.556 GC heap before
{Heap before GC invocations=17 (full 0):
 garbage-first heap   total 75776K, used 59086K [0x0000000704000000, 0x0000000800000000)
  region size 2048K, 17 young (34816K), 3 survivors (6144K)
 Metaspace       used 66544K, committed 67072K, reserved 1114112K
  class space    used 9031K, committed 9280K, reserved 1048576K
}
Event: 4.560 GC heap after
{Heap after GC invocations=18 (full 0):
 garbage-first heap   total 108544K, used 34961K [0x0000000704000000, 0x0000000800000000)
  region size 2048K, 3 young (6144K), 3 survivors (6144K)
 Metaspace       used 66544K, committed 67072K, reserved 1114112K
  class space    used 9031K, committed 9280K, reserved 1048576K
}
Event: 4.774 GC heap before
{Heap before GC invocations=18 (full 0):
 garbage-first heap   total 108544K, used 75921K [0x0000000704000000, 0x0000000800000000)
  region size 2048K, 23 young (47104K), 3 survivors (6144K)
 Metaspace       used 68976K, committed 69504K, reserved 1114112K
  class space    used 9370K, committed 9600K, reserved 1048576K
}
Event: 4.776 GC heap after
{Heap after GC invocations=19 (full 0):
 garbage-first heap   total 108544K, used 35388K [0x0000000704000000, 0x0000000800000000)
  region size 2048K, 2 young (4096K), 2 survivors (4096K)
 Metaspace       used 68976K, committed 69504K, reserved 1114112K
  class space    used 9370K, committed 9600K, reserved 1048576K
}
Event: 812.337 GC heap before
{Heap before GC invocations=19 (full 0):
 garbage-first heap   total 108544K, used 78396K [0x0000000704000000, 0x0000000800000000)
  region size 2048K, 23 young (47104K), 2 survivors (4096K)
 Metaspace       used 75196K, committed 75776K, reserved 1114112K
  class space    used 10187K, committed 10432K, reserved 1048576K
}
Event: 812.346 GC heap after
{Heap after GC invocations=20 (full 0):
 garbage-first heap   total 108544K, used 38525K [0x0000000704000000, 0x0000000800000000)
  region size 2048K, 3 young (6144K), 3 survivors (6144K)
 Metaspace       used 75196K, committed 75776K, reserved 1114112K
  class space    used 10187K, committed 10432K, reserved 1048576K
}

Deoptimization events (20 events):
Event: 7.381 Thread 0x00000191176960c0 Uncommon trap: trap_request=0xffffff45 fr.pc=0x0000019107d2da60 relative=0x0000000000003a40
Event: 7.381 Thread 0x00000191176960c0 Uncommon trap: reason=unstable_if action=reinterpret pc=0x0000019107d2da60 method=java.net.URL.<init>(Ljava/net/URL;Ljava/lang/String;Ljava/net/URLStreamHandler;)V @ 57 c2
Event: 7.381 Thread 0x00000191176960c0 DEOPT PACKING pc=0x0000019107d2da60 sp=0x0000000237efeed0
Event: 7.381 Thread 0x00000191176960c0 DEOPT UNPACKING pc=0x0000019107585ba3 sp=0x0000000237efee80 mode 2
Event: 812.225 Thread 0x0000019163f58ac0 Uncommon trap: trap_request=0xffffff54 fr.pc=0x0000019107b231d4 relative=0x00000000000006d4
Event: 812.225 Thread 0x0000019163f58ac0 Uncommon trap: reason=speculate_null_assert action=make_not_entrant pc=0x0000019107b231d4 method=org.springframework.util.ConcurrentReferenceHashMap$Segment.restructureIfNecessary(Z)V @ 41 c2
Event: 812.225 Thread 0x0000019163f58ac0 DEOPT PACKING pc=0x0000019107b231d4 sp=0x0000000238dfc920
Event: 812.225 Thread 0x0000019163f58ac0 DEOPT UNPACKING pc=0x0000019107585ba3 sp=0x0000000238dfc778 mode 2
Event: 812.226 Thread 0x0000019163f58ac0 Uncommon trap: trap_request=0xffffff54 fr.pc=0x0000019107c13940 relative=0x00000000000006c0
Event: 812.226 Thread 0x0000019163f58ac0 Uncommon trap: reason=speculate_null_assert action=make_not_entrant pc=0x0000019107c13940 method=org.springframework.util.ConcurrentReferenceHashMap$Segment.restructureIfNecessary(Z)V @ 41 c2
Event: 812.226 Thread 0x0000019163f58ac0 DEOPT PACKING pc=0x0000019107c13940 sp=0x0000000238dfc880
Event: 812.227 Thread 0x0000019163f58ac0 DEOPT UNPACKING pc=0x0000019107585ba3 sp=0x0000000238dfc768 mode 2
Event: 812.227 Thread 0x0000019163f58ac0 Uncommon trap: trap_request=0xffffff54 fr.pc=0x0000019107b2e8d8 relative=0x0000000000000558
Event: 812.227 Thread 0x0000019163f58ac0 Uncommon trap: reason=speculate_null_assert action=make_not_entrant pc=0x0000019107b2e8d8 method=org.springframework.util.ConcurrentReferenceHashMap$Segment.restructureIfNecessary(Z)V @ 41 c2
Event: 812.227 Thread 0x0000019163f58ac0 DEOPT PACKING pc=0x0000019107b2e8d8 sp=0x0000000238dfc810
Event: 812.227 Thread 0x0000019163f58ac0 DEOPT UNPACKING pc=0x0000019107585ba3 sp=0x0000000238dfc768 mode 2
Event: 812.228 Thread 0x0000019163f58ac0 Uncommon trap: trap_request=0xffffff54 fr.pc=0x0000019107c1c728 relative=0x0000000000000368
Event: 812.228 Thread 0x0000019163f58ac0 Uncommon trap: reason=speculate_null_assert action=make_not_entrant pc=0x0000019107c1c728 method=org.springframework.util.ConcurrentReferenceHashMap$Segment.restructureIfNecessary(Z)V @ 41 c2
Event: 812.228 Thread 0x0000019163f58ac0 DEOPT PACKING pc=0x0000019107c1c728 sp=0x0000000238dfc7a0
Event: 812.228 Thread 0x0000019163f58ac0 DEOPT UNPACKING pc=0x0000019107585ba3 sp=0x0000000238dfc768 mode 2

Classes unloaded (0 events):
No events

Classes redefined (0 events):
No events

Internal exceptions (20 events):
Event: 4.970 Thread 0x00000191747ff4e0 Exception <a 'sun/nio/fs/WindowsException'{0x0000000709878a28}> (0x0000000709878a28) 
thrown [s\open\src\hotspot\share\prims\jni.cpp, line 516]
Event: 5.001 Thread 0x00000191747ff4e0 Exception <a 'java/lang/IncompatibleClassChangeError'{0x000000070971c398}: Found class java.lang.Object, but interface was expected> (0x000000070971c398) 
thrown [s\open\src\hotspot\share\interpreter\linkResolver.cpp, line 826]
Event: 5.030 Thread 0x00000191747ff4e0 Implicit null exception at 0x0000019107bf4956 to 0x0000019107bf4b70
Event: 5.054 Thread 0x00000191747ff4e0 Exception <a 'java/lang/ClassNotFoundException'{0x000000070934e7f8}: org/quartz/simpl/SimpleThreadPoolBeanInfo> (0x000000070934e7f8) 
thrown [s\open\src\hotspot\share\classfile\systemDictionary.cpp, line 256]
Event: 5.054 Thread 0x00000191747ff4e0 Exception <a 'java/lang/ClassNotFoundException'{0x000000070934f540}: java/lang/ObjectBeanInfo> (0x000000070934f540) 
thrown [s\open\src\hotspot\share\classfile\systemDictionary.cpp, line 256]
Event: 5.054 Thread 0x00000191747ff4e0 Exception <a 'java/lang/ClassNotFoundException'{0x00000007093508b0}: java/lang/ObjectCustomizer> (0x00000007093508b0) 
thrown [s\open\src\hotspot\share\classfile\systemDictionary.cpp, line 256]
Event: 5.056 Thread 0x00000191747ff4e0 Exception <a 'java/lang/ClassNotFoundException'{0x000000070935b210}: org/quartz/simpl/SimpleThreadPoolCustomizer> (0x000000070935b210) 
thrown [s\open\src\hotspot\share\classfile\systemDictionary.cpp, line 256]
Event: 5.061 Thread 0x00000191747ff4e0 Exception <a 'java/lang/ClassNotFoundException'{0x00000007093b8578}: org/quartz/simpl/RAMJobStoreBeanInfo> (0x00000007093b8578) 
thrown [s\open\src\hotspot\share\classfile\systemDictionary.cpp, line 256]
Event: 5.061 Thread 0x00000191747ff4e0 Exception <a 'java/lang/ClassNotFoundException'{0x00000007093bb380}: org/quartz/simpl/RAMJobStoreCustomizer> (0x00000007093bb380) 
thrown [s\open\src\hotspot\share\classfile\systemDictionary.cpp, line 256]
Event: 5.106 Thread 0x00000191747ff4e0 Exception <a 'java/lang/NoSuchMethodError'{0x0000000708ee0d60}: 'java.lang.Object java.lang.invoke.DirectMethodHandle$Holder.newInvokeSpecial(java.lang.Object, java.lang.Object, int, java.lang.Object, java.lang.Object)'> (0x0000000708ee0d60) 
thrown [s\open\src\hotspot\share\interpreter\linkResolver.cpp, line 759]
Event: 5.106 Thread 0x00000191747ff4e0 Exception <a 'java/lang/NoSuchMethodError'{0x0000000708eebff8}: 'java.lang.Object java.lang.invoke.DirectMethodHandle$Holder.invokeSpecial(java.lang.Object, java.lang.Object, int, java.lang.Object, int, java.lang.Object)'> (0x0000000708eebff8) 
thrown [s\open\src\hotspot\share\interpreter\linkResolver.cpp, line 759]
Event: 5.107 Thread 0x00000191747ff4e0 Exception <a 'java/lang/NoSuchMethodError'{0x0000000708ef3d70}: 'java.lang.Object java.lang.invoke.DirectMethodHandle$Holder.newInvokeSpecial(java.lang.Object, java.lang.Object, int, java.lang.Object, int)'> (0x0000000708ef3d70) 
thrown [s\open\src\hotspot\share\interpreter\linkResolver.cpp, line 759]
Event: 5.107 Thread 0x00000191747ff4e0 Exception <a 'java/lang/NoSuchMethodError'{0x0000000708ef7e70}: 'java.lang.Object java.lang.invoke.DirectMethodHandle$Holder.invokeSpecial(java.lang.Object, java.lang.Object, java.lang.Object, int, java.lang.Object, int)'> (0x0000000708ef7e70) 
thrown [s\open\src\hotspot\share\interpreter\linkResolver.cpp, line 759]
Event: 812.082 Thread 0x0000019163f58ac0 Exception <a 'java/lang/NoSuchMethodError'{0x000000070875ebf0}: 'java.lang.Object java.lang.invoke.DirectMethodHandle$Holder.invokeSpecial(java.lang.Object, java.lang.Object, java.lang.Object, java.lang.Object, java.lang.Object, long)'> (0x000000070875ebf0) 
thrown [s\open\src\hotspot\share\interpreter\linkResolver.cpp, line 759]
Event: 812.083 Thread 0x0000019163f58ac0 Exception <a 'java/lang/NoSuchMethodError'{0x0000000708762630}: 'java.lang.Object java.lang.invoke.Invokers$Holder.linkToTargetMethod(java.lang.Object, java.lang.Object, java.lang.Object, long, java.lang.Object)'> (0x0000000708762630) 
thrown [s\open\src\hotspot\share\interpreter\linkResolver.cpp, line 759]
Event: 812.166 Thread 0x0000019163f58ac0 Exception <a 'java/lang/NoSuchMethodError'{0x000000070850b7a8}: 'java.lang.Object java.lang.invoke.DirectMethodHandle$Holder.invokeStatic(java.lang.Object, int, int)'> (0x000000070850b7a8) 
thrown [s\open\src\hotspot\share\interpreter\linkResolver.cpp, line 759]
Event: 812.362 Thread 0x0000019163f58ac0 Exception <a 'java/lang/NoSuchMethodError'{0x0000000713a52898}: 'void java.lang.invoke.DirectMethodHandle$Holder.invokeSpecialIFC(java.lang.Object, java.lang.Object, int, java.lang.Object, java.lang.Object, java.lang.Object, java.lang.Object)'> (0x0000000713a52898) 
thrown [s\open\src\hotspot\share\interpreter\linkResolver.cpp, line 759]
Event: 812.456 Thread 0x0000019163f58ac0 Exception <a 'java/lang/IncompatibleClassChangeError'{0x000000070cd987c8}: Found class java.lang.Object, but interface was expected> (0x000000070cd987c8) 
thrown [s\open\src\hotspot\share\interpreter\linkResolver.cpp, line 826]
Event: 812.499 Thread 0x0000019163f58ac0 Exception <a 'java/lang/NoSuchMethodError'{0x000000070ca76c18}: 'java.lang.Object java.lang.invoke.Invokers$Holder.linkToTargetMethod(java.lang.Object, int, java.lang.Object, java.lang.Object, java.lang.Object, java.lang.Object)'> (0x000000070ca76c18) 
thrown [s\open\src\hotspot\share\interpreter\linkResolver.cpp, line 759]
Event: 812.500 Thread 0x0000019163f58ac0 Exception <a 'java/lang/NoSuchMethodError'{0x000000070ca83a70}: 'int java.lang.invoke.DirectMethodHandle$Holder.invokeStatic(java.lang.Object, java.lang.Object, int, java.lang.Object)'> (0x000000070ca83a70) 
thrown [s\open\src\hotspot\share\interpreter\linkResolver.cpp, line 759]

VM Operations (20 events):
Event: 812.109 Executing VM operation: HandshakeAllThreads
Event: 812.109 Executing VM operation: HandshakeAllThreads done
Event: 812.109 Executing VM operation: Cleanup
Event: 812.109 Executing VM operation: Cleanup done
Event: 812.199 Executing VM operation: HandshakeAllThreads
Event: 812.199 Executing VM operation: HandshakeAllThreads done
Event: 812.199 Executing VM operation: HandshakeAllThreads
Event: 812.199 Executing VM operation: HandshakeAllThreads done
Event: 812.218 Executing VM operation: HandshakeAllThreads
Event: 812.218 Executing VM operation: HandshakeAllThreads done
Event: 812.336 Executing VM operation: G1CollectForAllocation
Event: 812.346 Executing VM operation: G1CollectForAllocation done
Event: 812.518 Executing VM operation: HandshakeAllThreads
Event: 812.518 Executing VM operation: HandshakeAllThreads done
Event: 812.541 Executing VM operation: HandshakeAllThreads
Event: 812.541 Executing VM operation: HandshakeAllThreads done
Event: 813.548 Executing VM operation: Cleanup
Event: 813.548 Executing VM operation: Cleanup done
Event: 814.557 Executing VM operation: Cleanup
Event: 814.557 Executing VM operation: Cleanup done

Events (20 events):
Event: 812.437 loading class jdk/internal/reflect/UnsafeBooleanFieldAccessorImpl
Event: 812.437 loading class jdk/internal/reflect/UnsafeBooleanFieldAccessorImpl done
Event: 812.513 loading class java/time/format/DateTimeFormatterBuilder$ZoneTextPrinterParser
Event: 812.513 loading class java/time/format/DateTimeFormatterBuilder$ZoneTextPrinterParser done
Event: 812.514 loading class java/time/format/DateTimeFormatterBuilder$ReducedPrinterParser
Event: 812.514 loading class java/time/format/DateTimeFormatterBuilder$ReducedPrinterParser done
Event: 812.529 loading class java/util/OptionalLong
Event: 812.529 loading class java/util/OptionalLong done
Event: 812.529 loading class java/util/OptionalDouble
Event: 812.529 loading class java/util/OptionalDouble done
Event: 812.535 loading class java/util/stream/LongStream
Event: 812.536 loading class java/util/stream/LongStream done
Event: 812.536 loading class java/util/stream/DoubleStream
Event: 812.536 loading class java/util/stream/DoubleStream done
Event: 812.558 loading class org/w3c/dom/Node
Event: 812.558 loading class org/w3c/dom/Node done
Event: 812.558 loading class org/w3c/dom/Document
Event: 812.558 loading class org/w3c/dom/Document done
Event: 815.640 Thread 0x0000019161449ac0 Thread exited: 0x0000019161449ac0
Event: 815.646 Thread 0x0000019161449ac0 Thread added: 0x0000019161449ac0


Dynamic libraries:
0x00007ff65b3a0000 - 0x00007ff65b3b0000 	C:\Program Files\Java\jdk-17\bin\java.exe
0x00007ffd15c70000 - 0x00007ffd15e86000 	C:\WINDOWS\SYSTEM32\ntdll.dll
0x00007ffd13e90000 - 0x00007ffd13f54000 	C:\WINDOWS\System32\KERNEL32.DLL
0x00007ffd13330000 - 0x00007ffd136d7000 	C:\WINDOWS\System32\KERNELBASE.dll
0x00007ffd13790000 - 0x00007ffd138a1000 	C:\WINDOWS\System32\ucrtbase.dll
0x00007ffce3c20000 - 0x00007ffce3c39000 	C:\Program Files\Java\jdk-17\bin\jli.dll
0x00007ffce9cc0000 - 0x00007ffce9cdb000 	C:\Program Files\Java\jdk-17\bin\VCRUNTIME140.dll
0x00007ffd141d0000 - 0x00007ffd14282000 	C:\WINDOWS\System32\ADVAPI32.dll
0x00007ffd13f70000 - 0x00007ffd14017000 	C:\WINDOWS\System32\msvcrt.dll
0x00007ffd15790000 - 0x00007ffd15838000 	C:\WINDOWS\System32\sechost.dll
0x00007ffd13970000 - 0x00007ffd13998000 	C:\WINDOWS\System32\bcrypt.dll
0x00007ffd14290000 - 0x00007ffd143a5000 	C:\WINDOWS\System32\RPCRT4.dll
0x00007ffd158f0000 - 0x00007ffd15a9e000 	C:\WINDOWS\System32\USER32.dll
0x00007ffd136e0000 - 0x00007ffd13706000 	C:\WINDOWS\System32\win32u.dll
0x00007ffcfd710000 - 0x00007ffcfd9a3000 	C:\WINDOWS\WinSxS\amd64_microsoft.windows.common-controls_6595b64144ccf1df_6.0.22621.3235_none_270f74e173860f98\COMCTL32.dll
0x00007ffd15aa0000 - 0x00007ffd15ac9000 	C:\WINDOWS\System32\GDI32.dll
0x00007ffd13000000 - 0x00007ffd13119000 	C:\WINDOWS\System32\gdi32full.dll
0x00007ffd13290000 - 0x00007ffd1332a000 	C:\WINDOWS\System32\msvcp_win.dll
0x00007ffd09cf0000 - 0x00007ffd09cfa000 	C:\WINDOWS\SYSTEM32\VERSION.dll
0x00007ffd15bf0000 - 0x00007ffd15c21000 	C:\WINDOWS\System32\IMM32.DLL
0x00007ffcf8830000 - 0x00007ffcf883c000 	C:\Program Files\Java\jdk-17\bin\vcruntime140_1.dll
0x00007ffcc31c0000 - 0x00007ffcc324e000 	C:\Program Files\Java\jdk-17\bin\msvcp140.dll
0x00007ffc8bbc0000 - 0x00007ffc8c79f000 	C:\Program Files\Java\jdk-17\bin\server\jvm.dll
0x00007ffd13f60000 - 0x00007ffd13f68000 	C:\WINDOWS\System32\PSAPI.DLL
0x00007ffd09db0000 - 0x00007ffd09de4000 	C:\WINDOWS\SYSTEM32\WINMM.dll
0x00007ffcfe2f0000 - 0x00007ffcfe2f9000 	C:\WINDOWS\SYSTEM32\WSOCK32.dll
0x00007ffd144d0000 - 0x00007ffd14541000 	C:\WINDOWS\System32\WS2_32.dll
0x00007ffd11fd0000 - 0x00007ffd11fe8000 	C:\WINDOWS\SYSTEM32\kernel.appcore.dll
0x00007ffcf7230000 - 0x00007ffcf723a000 	C:\Program Files\Java\jdk-17\bin\jimage.dll
0x00007ffd10460000 - 0x00007ffd10693000 	C:\WINDOWS\SYSTEM32\DBGHELP.DLL
0x00007ffd15400000 - 0x00007ffd15788000 	C:\WINDOWS\System32\combase.dll
0x00007ffd15320000 - 0x00007ffd153f7000 	C:\WINDOWS\System32\OLEAUT32.dll
0x00007ffd07250000 - 0x00007ffd07282000 	C:\WINDOWS\SYSTEM32\dbgcore.DLL
0x00007ffd13710000 - 0x00007ffd13789000 	C:\WINDOWS\System32\bcryptPrimitives.dll
0x00007ffd0a840000 - 0x00007ffd0a84e000 	C:\Program Files\Java\jdk-17\bin\instrument.dll
0x00007ffce35e0000 - 0x00007ffce3605000 	C:\Program Files\Java\jdk-17\bin\java.dll
0x00007ffc9af20000 - 0x00007ffc9aff7000 	C:\Program Files\Java\jdk-17\bin\jsvml.dll
0x00007ffd14550000 - 0x00007ffd14dac000 	C:\WINDOWS\System32\SHELL32.dll
0x00007ffd10ef0000 - 0x00007ffd117e9000 	C:\WINDOWS\SYSTEM32\windows.storage.dll
0x00007ffd10db0000 - 0x00007ffd10eee000 	C:\WINDOWS\SYSTEM32\wintypes.dll
0x00007ffd143b0000 - 0x00007ffd144a3000 	C:\WINDOWS\System32\SHCORE.dll
0x00007ffd139a0000 - 0x00007ffd139fe000 	C:\WINDOWS\System32\shlwapi.dll
0x00007ffd12ec0000 - 0x00007ffd12ee1000 	C:\WINDOWS\SYSTEM32\profapi.dll
0x00007ffce32d0000 - 0x00007ffce32e8000 	C:\Program Files\Java\jdk-17\bin\zip.dll
0x00007ffce3c00000 - 0x00007ffce3c19000 	C:\Program Files\Java\jdk-17\bin\net.dll
0x00007ffd0d640000 - 0x00007ffd0d776000 	C:\WINDOWS\SYSTEM32\WINHTTP.dll
0x00007ffd12440000 - 0x00007ffd124a9000 	C:\WINDOWS\system32\mswsock.dll
0x00007ffce32f0000 - 0x00007ffce3306000 	C:\Program Files\Java\jdk-17\bin\nio.dll
0x00007ffcfe2c0000 - 0x00007ffcfe2da000 	C:\Program Files\JetBrains\IntelliJ IDEA Community Edition 2023.3.6\bin\breakgen64.dll
0x00007ffcfed60000 - 0x00007ffcfed6e000 	C:\Program Files\Java\jdk-17\bin\sunmscapi.dll
0x00007ffd13120000 - 0x00007ffd13287000 	C:\WINDOWS\System32\CRYPT32.dll
0x00007ffd12840000 - 0x00007ffd1286e000 	C:\WINDOWS\SYSTEM32\ncrypt.dll
0x00007ffd12800000 - 0x00007ffd12837000 	C:\WINDOWS\SYSTEM32\NTASN1.dll
0x00007ffd126b0000 - 0x00007ffd126cb000 	C:\WINDOWS\SYSTEM32\CRYPTSP.dll
0x00007ffd11f30000 - 0x00007ffd11f65000 	C:\WINDOWS\system32\rsaenh.dll
0x00007ffd12540000 - 0x00007ffd12568000 	C:\WINDOWS\SYSTEM32\USERENV.dll
0x00007ffd126a0000 - 0x00007ffd126ac000 	C:\WINDOWS\SYSTEM32\CRYPTBASE.dll
0x00007ffd11a40000 - 0x00007ffd11a6d000 	C:\WINDOWS\SYSTEM32\IPHLPAPI.DLL
0x00007ffd14e20000 - 0x00007ffd14e29000 	C:\WINDOWS\System32\NSI.dll
0x00007ffd0aea0000 - 0x00007ffd0aeb9000 	C:\WINDOWS\SYSTEM32\dhcpcsvc6.DLL
0x00007ffd0ae30000 - 0x00007ffd0ae4f000 	C:\WINDOWS\SYSTEM32\dhcpcsvc.DLL
0x00007ffd11a70000 - 0x00007ffd11b69000 	C:\WINDOWS\SYSTEM32\DNSAPI.dll
0x00007ffd09470000 - 0x00007ffd0947a000 	C:\Program Files\Java\jdk-17\bin\management.dll
0x00007ffcff3a0000 - 0x00007ffcff3ab000 	C:\Program Files\Java\jdk-17\bin\management_ext.dll
0x00007ffce69e0000 - 0x00007ffce69f0000 	C:\Program Files\Java\jdk-17\bin\verify.dll
0x00007ffd088b0000 - 0x00007ffd088ba000 	C:\Windows\System32\rasadhlp.dll
0x00007ffd09d20000 - 0x00007ffd09da3000 	C:\WINDOWS\System32\fwpuclnt.dll
0x00007ffcdfbb0000 - 0x00007ffcdfbb8000 	C:\WINDOWS\system32\wshunix.dll

dbghelp: loaded successfully - version: 4.0.5 - missing functions: none
symbol engine: initialized successfully - sym options: 0x614 - pdb path: .;C:\Program Files\Java\jdk-17\bin;C:\WINDOWS\SYSTEM32;C:\WINDOWS\WinSxS\amd64_microsoft.windows.common-controls_6595b64144ccf1df_6.0.22621.3235_none_270f74e173860f98;C:\Program Files\Java\jdk-17\bin\server;C:\Program Files\JetBrains\IntelliJ IDEA Community Edition 2023.3.6\bin

VM Arguments:
jvm_args: -javaagent:C:\Program Files\JetBrains\IntelliJ IDEA Community Edition 2023.3.6\lib\idea_rt.jar=63492:C:\Program Files\JetBrains\IntelliJ IDEA Community Edition 2023.3.6\bin -Dfile.encoding=UTF-8 
java_command: com.mad.medihealth.MedihealthApplication
java_class_path (initial): D:\Learn\MAD\medihealth\target\classes;C:\Users\DELL\.m2\repository\org\springframework\boot\spring-boot-starter-data-jdbc\3.2.3\spring-boot-starter-data-jdbc-3.2.3.jar;C:\Users\DELL\.m2\repository\org\springframework\boot\spring-boot-starter-jdbc\3.2.3\spring-boot-starter-jdbc-3.2.3.jar;C:\Users\DELL\.m2\repository\com\zaxxer\HikariCP\5.0.1\HikariCP-5.0.1.jar;C:\Users\DELL\.m2\repository\org\springframework\spring-jdbc\6.1.4\spring-jdbc-6.1.4.jar;C:\Users\DELL\.m2\repository\org\springframework\data\spring-data-jdbc\3.2.3\spring-data-jdbc-3.2.3.jar;C:\Users\DELL\.m2\repository\org\springframework\data\spring-data-relational\3.2.3\spring-data-relational-3.2.3.jar;C:\Users\DELL\.m2\repository\com\github\jsqlparser\jsqlparser\4.6\jsqlparser-4.6.jar;C:\Users\DELL\.m2\repository\org\springframework\data\spring-data-commons\3.2.3\spring-data-commons-3.2.3.jar;C:\Users\DELL\.m2\repository\org\springframework\spring-context\6.1.4\spring-context-6.1.4.jar;C:\Users\DELL\.m2\repository\org\springframework\spring-beans\6.1.4\spring-beans-6.1.4.jar;C:\Users\DELL\.m2\repository\org\slf4j\slf4j-api\2.0.12\slf4j-api-2.0.12.jar;C:\Users\DELL\.m2\repository\org\springframework\boot\spring-boot-starter-data-jpa\3.2.3\spring-boot-starter-data-jpa-3.2.3.jar;C:\Users\DELL\.m2\repository\org\springframework\boot\spring-boot-starter-aop\3.2.3\spring-boot-starter-aop-3.2.3.jar;C:\Users\DELL\.m2\repository\org\springframework\spring-aop\6.1.4\spring-aop-6.1.4.jar;C:\Users\DELL\.m2\repository\org\aspectj\aspectjweaver\1.9.21\aspectjweaver-1.9.21.jar;C:\Users\DELL\.m2\repository\org\hibernate\orm\hibernate-core\6.4.4.Final\hibernate-core-6.4.4.Final.jar;C:\Users\DELL\.m2\repository\jakarta\persistence\jakarta.persistence-api\3.1.0\jakarta.persistence-api-3.1.0.jar;C:\Users\DELL\.m2\repository\jakarta\transaction\jakarta.transaction-api\2.0.1\jakarta.transaction-api-2.0.1.jar;C:\Users\DELL\.m2\repository\org\jboss\logging\jboss-logging\3.5.3.Final\jboss-logging-3.5
Launcher Type: SUN_STANDARD

[Global flags]
     intx CICompilerCount                          = 4                                         {product} {ergonomic}
     uint ConcGCThreads                            = 2                                         {product} {ergonomic}
     uint G1ConcRefinementThreads                  = 8                                         {product} {ergonomic}
   size_t G1HeapRegionSize                         = 2097152                                   {product} {ergonomic}
    uintx GCDrainStackTargetSize                   = 64                                        {product} {ergonomic}
   size_t InitialHeapSize                          = 264241152                                 {product} {ergonomic}
   size_t MarkStackSize                            = 4194304                                   {product} {ergonomic}
   size_t MaxHeapSize                              = 4227858432                                {product} {ergonomic}
   size_t MaxNewSize                               = 2535456768                                {product} {ergonomic}
   size_t MinHeapDeltaBytes                        = 2097152                                   {product} {ergonomic}
   size_t MinHeapSize                              = 8388608                                   {product} {ergonomic}
    uintx NonNMethodCodeHeapSize                   = 5839372                                {pd product} {ergonomic}
    uintx NonProfiledCodeHeapSize                  = 122909434                              {pd product} {ergonomic}
    uintx ProfiledCodeHeapSize                     = 122909434                              {pd product} {ergonomic}
    uintx ReservedCodeCacheSize                    = 251658240                              {pd product} {ergonomic}
     bool SegmentedCodeCache                       = true                                      {product} {ergonomic}
   size_t SoftMaxHeapSize                          = 4227858432                             {manageable} {ergonomic}
     bool UseCompressedClassPointers               = true                           {product lp64_product} {ergonomic}
     bool UseCompressedOops                        = true                           {product lp64_product} {ergonomic}
     bool UseG1GC                                  = true                                      {product} {ergonomic}
     bool UseLargePagesIndividualAllocation        = false                                  {pd product} {ergonomic}

Logging:
Log output configuration:
 #0: stdout all=warning uptime,level,tags
 #1: stderr all=off uptime,level,tags

Environment Variables:
PATH=C:\Program Files\Common Files\Oracle\Java\javapath;C:\WINDOWS\system32;C:\WINDOWS;C:\WINDOWS\System32\Wbem;C:\WINDOWS\System32\WindowsPowerShell\v1.0\;C:\WINDOWS\System32\OpenSSH\;C:\Program Files\Git\cmd;C:\Program Files\Java\jdk-17\bin;C:\Program Files\RabbitMQ Server\rabbitmq_server-3.13.1\sbin;C:\Program Files\Microsoft SQL Server\150\Tools\Binn\;C:\Program Files\Microsoft SQL Server\Client SDK\ODBC\170\Tools\Binn\;C:\Program Files\dotnet\;C:\Users\DELL\AppData\Local\Programs\Python\Python310\Scripts\;C:\Users\DELL\AppData\Local\Programs\Python\Python310\;C:\Users\DELL\AppData\Local\Microsoft\WindowsApps;;C:\Program Files\JetBrains\IntelliJ IDEA Community Edition 2023.3.6\bin;;C:\Users\DELL\AppData\Local\Programs\Microsoft VS Code\bin;C:\Program Files\JetBrains\PyCharm Community Edition 2023.3.5\bin;;C:\Users\DELL\.dotnet\tools
USERNAME=DELL
OS=Windows_NT
PROCESSOR_IDENTIFIER=Intel64 Family 6 Model 140 Stepping 2, GenuineIntel



---------------  S Y S T E M  ---------------

OS:
 Windows 11 , 64 bit Build 22621 (10.0.22621.3374)
OS uptime: 0 days 23:22 hours

CPU: total 8 (initial active 8) (4 cores per cpu, 2 threads per core) family 6 model 140 stepping 2 microcode 0x26, cx8, cmov, fxsr, ht, mmx, 3dnowpref, sse, sse2, sse3, ssse3, sse4.1, sse4.2, popcnt, lzcnt, tsc, tscinvbit, avx, avx2, aes, erms, clmul, bmi1, bmi2, adx, avx512f, avx512dq, avx512cd, avx512bw, avx512vl, sha, fma, vzeroupper, avx512_vpopcntdq, avx512_vpclmulqdq, avx512_vaes, avx512_vnni, clflush, clflushopt, clwb, avx512_vbmi2, avx512_vbmi

Memory: 4k page, system-wide physical 16122M (1100M free)
TotalPageFile size 41877M (AvailPageFile size 0M)
current process WorkingSet (physical memory assigned to process): 280M, peak: 347M
current process commit charge ("private bytes"): 318M, peak: 409M

vm_info: Java HotSpot(TM) 64-Bit Server VM (17.0.10+11-LTS-240) for windows-amd64 JRE (17.0.10+11-LTS-240), built on Dec 19 2023 21:47:25 by "mach5one" with MS VC++ 17.1 (VS2022)

END.
